IQ-TREE multicore version 2.3.6 for MacOS ARM 64-bit built Aug  1 2024
Developed by Bui Quang Minh, Nguyen Lam Tung, Olga Chernomor, Heiko Schmidt,
Dominik Schrempf, Michael Woodhams, Ly Trong Nhan, Thomas Wong

Host:    Mac (SSE4.2, 96 GB RAM)
Command: /tmp/iqtree_install/iqtree-2.3.6-macOS-arm/bin/iqtree2 -s data/phylo_benchmark/toxfam_v2_aligned_clean.fasta -m MFP -B 1000 --prefix results/embed_phylo/toxfam_v2_iqtree -T AUTO --seed 42
Seed:    42 (Using SPRNG - Scalable Parallel Random Number Generator)
Time:    Wed Mar 18 15:30:33 2026
Kernel:  SSE2 - auto-detect threads (14 CPU cores detected)

Reading alignment file data/phylo_benchmark/toxfam_v2_aligned_clean.fasta ... Fasta format detected
Reading fasta file: done in 0.000673056 secs using 81.12% CPU
Alignment most likely contains protein sequences
Alignment has 84 sequences with 626 columns, 597 distinct patterns
364 parsimony-informative, 163 singleton sites, 99 constant sites
            Gap/Ambiguity  Composition  p-value
Analyzing sequences: done in 8.2016e-05 secs using 189% CPU
   1  P01533       92.65%    passed     25.49%
   2  P0C1F1       92.49%    passed     14.73%
   3  P0C5G5       92.49%    passed     18.04%
   4  P10453       92.49%    passed     13.33%
   5  P0C1F5       92.33%    failed      4.85%
   6  P30831       92.33%    passed     19.68%
   7  P0C5G3       92.17%    passed     11.95%
   8  P81383       27.96%    failed      2.02%
   9  A0A2U8QPE6   25.72%    failed      1.74%
  10  B5U6Y8       25.24%    passed      8.10%
  11  P0CC17       25.08%    passed      5.90%
  12  X2JCV5       23.48%    failed      1.12%
  13  Q4JHE3       23.32%    failed      0.76%
  14  A8QL51       23.16%    failed      1.54%
  15  J3S3U6       84.66%    passed     14.30%
  16  Q9I840       84.03%    passed     37.60%
  17  Q4PRD0       83.71%    failed      3.41%
  18  B0VXV2       83.23%    passed     57.07%
  19  Q4PRD2       82.43%    passed      5.67%
  20  J3SBP0       82.27%    passed     21.75%
  21  Q9YGG9       81.63%    passed     41.49%
  22  Q962V9       73.80%    passed     73.97%
  23  Q8AVA3       68.05%    passed      8.71%
  24  Q8JI38       68.05%    passed     20.62%
  25  B0VXV6       67.89%    passed     31.99%
  26  Q7T1K6       67.57%    passed     20.75%
  27  Q2XXP1       67.41%    passed     77.41%
  28  C8YJG4       63.42%    passed     85.40%
  29  C0K3N2       87.86%    failed      3.45%
  30  P0DW98       84.82%    passed      6.85%
  31  Q330K6       84.82%    passed      8.10%
  32  C0K3N3       84.66%    passed      7.48%
  33  Q90X24       84.35%    failed      2.70%
  34  X5ICI2       84.35%    failed      3.87%
  35  C0K3N1       83.71%    failed      2.24%
  36  Q27049       80.19%    failed      3.74%
  37  Q04669       78.12%    passed     31.01%
  38  G3CJS0       76.68%    failed      3.95%
  39  Q27042       75.72%    failed      1.57%
  40  Q94733       75.08%    failed      1.92%
  41  Q6PQK2       73.64%    passed      6.83%
  42  A7BJ46       72.84%    passed      9.81%
  43  P68725       93.45%    passed     11.12%
  44  A0A7S8RFI7   92.81%    passed     40.98%
  45  Q1I163       92.65%    passed     11.15%
  46  Q86BW9       92.49%    passed     16.92%
  47  P0C5K8       92.33%    failed      2.87%
  48  H1ZZI3       91.85%    passed     16.18%
  49  Q17254       89.30%    failed      2.17%
  50  P0C1R1       98.08%    failed      0.23%
  51  P17235       97.92%    passed     26.11%
  52  P0CJ39       97.76%    passed     36.82%
  53  P0C5G7       97.76%    failed      1.92%
  54  P0DX46       97.76%    passed      7.51%
  55  P07496       97.28%    failed      1.14%
  56  P0CD69       96.96%    failed      0.85%
  57  A0A3S9V8L7   90.42%    passed     23.67%
  58  A0A0B5AC95   89.30%    failed      2.70%
  59  A0A0B5ABD5   88.98%    failed      4.38%
  60  A0A0F7YYV0   88.02%    failed      2.99%
  61  A0A0B5A8P8   86.90%    passed     30.80%
  62  A0A0B5ADT3   86.58%    failed      4.84%
  63  A0A0B5A7M7   84.03%    passed      9.60%
  64  P0C6E2       93.45%    failed      0.11%
  65  P0C6B4       90.10%    failed      0.35%
  66  P83254       89.78%    failed      0.06%
  67  P83658       89.78%    failed      0.96%
  68  P83044       89.62%    failed      2.22%
  69  P0C6A3       89.14%    passed      7.30%
  70  P0C6B0       88.98%    failed      2.38%
  71  G0W2H8       96.49%    failed      4.13%
  72  G0W2I0       94.89%    failed      0.79%
  73  C0HLS4       94.73%    passed     50.07%
  74  P0DMX9       93.93%    passed      5.49%
  75  P0DMY8       93.93%    failed      1.69%
  76  A0A1X9QHL1   93.45%    passed     12.57%
  77  P69930       93.29%    passed     10.50%
  78  A0A8B6XWY5   76.68%    passed     45.69%
  79  P0DQV7       75.56%    passed     40.44%
  80  A0A345GPN1   72.52%    passed      6.99%
  81  Q9Y1U9       71.88%    passed     14.40%
  82  A0A2Z5Z9X0   70.93%    failed      2.98%
  83  D2YZQ3       70.61%    failed      0.71%
  84  P0DQV6       57.67%    failed      0.00%
WARNING: 77 sequences contain more than 50% gaps/ambiguity
****  TOTAL        80.19%  37 sequences failed composition chi2 test (p-value<5%; df=19)


Create initial parsimony tree by phylogenetic likelihood library (PLL)... 0.009 seconds
Measuring multi-threading efficiency up to 14 CPU cores
Increase to 10 rounds for branch lengths
19 trees examined
Threads: 1 / Time: 14.444 sec / Speedup: 1.000 / Efficiency: 100% / LogL: -22309
Threads: 2 / Time: 11.615 sec / Speedup: 1.244 / Efficiency: 62% / LogL: -22309
Threads: 3 / Time: 9.776 sec / Speedup: 1.478 / Efficiency: 49% / LogL: -22309
BEST NUMBER OF THREADS: 2

Perform fast likelihood tree search using LG+I+G model...
Estimate model parameters (epsilon = 5.000)
Perform nearest neighbor interchange...
Estimate model parameters (epsilon = 1.000)
1. Initial log-likelihood: -17337.667
Optimal log-likelihood: -17337.201
Proportion of invariable sites: 0.012
Gamma shape alpha: 2.842
Parameters optimization took 1 rounds (0.188 sec)
Time for fast ML tree search: 4.954 seconds

NOTE: ModelFinder requires 82 MB RAM!
ModelFinder will test up to 1232 protein models (sample size: 626 epsilon: 0.100) ...
 No. Model         -LnL         df  AIC          AICc         BIC
  1  LG            17506.130    165 35342.260    35461.347    36074.753
  2  LG+I          17471.873    166 35275.746    35396.539    36012.678
  3  LG+G4         17347.370    166 35026.740    35147.533    35763.672
  4  LG+I+G4       17336.827    167 35007.655    35130.170    35749.026
  5  LG+R2         17365.854    167 35065.708    35188.223    35807.079
  6  LG+R3         17337.676    169 35013.352    35139.361    35763.602
  7  LG+R4         17326.656    171 34995.312    35124.880    35754.441
  8  LG+R5         17325.422    173 34996.845    35130.040    35764.852
 14  LG+I+R2       17352.285    168 35040.569    35164.823    35786.380
 15  LG+I+R3       17333.124    170 35006.248    35134.028    35760.937
 16  LG+I+R4       17322.768    172 34989.537    35120.910    35753.105
 17  LG+I+R5       17321.811    174 34991.623    35126.656    35764.070
 26  LG+F+I+G4     17360.125    186 35092.251    35250.711    35917.970
 29  LG+F+R4       17348.754    190 35077.509    35244.359    35920.985
 38  LG+F+I+R4     17345.125    191 35072.250    35241.246    35920.166
 48  WAG+I+G4      17213.995    167 34761.989    34884.504    35503.361
 51  WAG+R4        17209.418    171 34760.836    34890.404    35519.965
 60  WAG+I+R4      17207.765    172 34759.531    34890.904    35523.099
 70  WAG+F+I+G4    17204.702    186 34781.403    34939.863    35607.122
 73  WAG+F+R4      17200.063    190 34780.126    34946.976    35623.602
 82  WAG+F+I+R4    17198.527    191 34779.054    34948.049    35626.969
 92  JTT+I+G4      17332.034    167 34998.068    35120.584    35739.440
 95  JTT+R4        17322.664    171 34987.329    35116.897    35746.458
104  JTT+I+R4      17320.591    172 34985.183    35116.556    35748.751
114  JTT+F+I+G4    17327.872    186 35027.743    35186.204    35853.463
117  JTT+F+R4      17318.665    190 35017.329    35184.180    35860.806
126  JTT+F+I+R4    17316.380    191 35014.760    35183.756    35862.676
WARNING: Normalizing state frequencies so that sum of them equals to 1
136  Q.pfam+I+G4   17359.358    167 35052.715    35175.230    35794.087
WARNING: Normalizing state frequencies so that sum of them equals to 1
139  Q.pfam+R4     17349.033    171 35040.066    35169.634    35799.194
WARNING: Normalizing state frequencies so that sum of them equals to 1
148  Q.pfam+I+R4   17345.112    172 35034.223    35165.596    35797.792
WARNING: Normalizing state frequencies so that sum of them equals to 1
158  Q.pfam+F+I+G4 17378.701    186 35129.402    35287.863    35955.122
WARNING: Normalizing state frequencies so that sum of them equals to 1
161  Q.pfam+F+R4   17367.846    190 35115.691    35282.542    35959.168
WARNING: Normalizing state frequencies so that sum of them equals to 1
170  Q.pfam+F+I+R4 17363.989    191 35109.978    35278.973    35957.894
WARNING: Normalizing state frequencies so that sum of them equals to 1
180  Q.bird+I+G4   17654.845    167 35643.690    35766.205    36385.061
WARNING: Normalizing state frequencies so that sum of them equals to 1
183  Q.bird+R4     17639.405    171 35620.810    35750.378    36379.939
WARNING: Normalizing state frequencies so that sum of them equals to 1
192  Q.bird+I+R4   17636.603    172 35617.205    35748.578    36380.773
WARNING: Normalizing state frequencies so that sum of them equals to 1
202  Q.bird+F+I+G4 17639.780    186 35651.559    35810.019    36477.278
WARNING: Normalizing state frequencies so that sum of them equals to 1
205  Q.bird+F+R4   17622.838    190 35625.675    35792.526    36469.152
WARNING: Normalizing state frequencies so that sum of them equals to 1
214  Q.bird+F+I+R4 17619.660    191 35621.319    35790.314    36469.235
WARNING: Normalizing state frequencies so that sum of them equals to 1
224  Q.mammal+I+G4 17586.560    167 35507.120    35629.636    36248.492
WARNING: Normalizing state frequencies so that sum of them equals to 1
227  Q.mammal+R4   17573.537    171 35489.074    35618.642    36248.202
WARNING: Normalizing state frequencies so that sum of them equals to 1
236  Q.mammal+I+R4 17571.049    172 35486.098    35617.471    36249.666
WARNING: Normalizing state frequencies so that sum of them equals to 1
246  Q.mammal+F+I+G4 17551.599    186 35475.198    35633.658    36300.917
WARNING: Normalizing state frequencies so that sum of them equals to 1
249  Q.mammal+F+R4 17537.188    190 35454.376    35621.226    36297.852
WARNING: Normalizing state frequencies so that sum of them equals to 1
258  Q.mammal+F+I+R4 17534.387    191 35450.775    35619.770    36298.691
268  Q.insect+I+G4 17453.146    167 35240.293    35362.808    35981.664
271  Q.insect+R4   17440.208    171 35222.416    35351.985    35981.545
280  Q.insect+I+R4 17437.651    172 35219.301    35350.674    35982.869
290  Q.insect+F+I+G4 17488.414    186 35348.828    35507.288    36174.547
293  Q.insect+F+R4 17474.660    190 35329.320    35496.171    36172.797
302  Q.insect+F+I+R4 17471.777    191 35325.554    35494.549    36173.470
WARNING: Normalizing state frequencies so that sum of them equals to 1
312  Q.plant+I+G4  17512.417    167 35358.835    35481.350    36100.206
WARNING: Normalizing state frequencies so that sum of them equals to 1
315  Q.plant+R4    17495.902    171 35333.804    35463.372    36092.933
WARNING: Normalizing state frequencies so that sum of them equals to 1
324  Q.plant+I+R4  17492.110    172 35328.219    35459.592    36091.788
WARNING: Normalizing state frequencies so that sum of them equals to 1
334  Q.plant+F+I+G4 17547.053    186 35466.106    35624.566    36291.825
WARNING: Normalizing state frequencies so that sum of them equals to 1
337  Q.plant+F+R4  17528.469    190 35436.937    35603.788    36280.414
WARNING: Normalizing state frequencies so that sum of them equals to 1
346  Q.plant+F+I+R4 17524.773    191 35431.546    35600.541    36279.462
WARNING: Normalizing state frequencies so that sum of them equals to 1
356  Q.yeast+I+G4  17453.692    167 35241.384    35363.899    35982.755
WARNING: Normalizing state frequencies so that sum of them equals to 1
359  Q.yeast+R4    17436.562    171 35215.125    35344.693    35974.254
WARNING: Normalizing state frequencies so that sum of them equals to 1
368  Q.yeast+I+R4  17434.468    172 35212.936    35344.309    35976.504
WARNING: Normalizing state frequencies so that sum of them equals to 1
378  Q.yeast+F+I+G4 17486.551    186 35345.103    35503.563    36170.822
WARNING: Normalizing state frequencies so that sum of them equals to 1
381  Q.yeast+F+R4  17469.737    190 35319.474    35486.325    36162.951
WARNING: Normalizing state frequencies so that sum of them equals to 1
390  Q.yeast+F+I+R4 17466.826    191 35315.651    35484.647    36163.567
400  JTTDCMut+I+G4 17325.349    167 34984.698    35107.213    35726.069
403  JTTDCMut+R4   17316.304    171 34974.609    35104.177    35733.737
412  JTTDCMut+I+R4 17314.737    172 34973.473    35104.846    35737.042
422  JTTDCMut+F+I+G4 17322.326    186 35016.652    35175.112    35842.371
425  JTTDCMut+F+R4 17313.367    190 35006.734    35173.585    35850.211
434  JTTDCMut+F+I+R4 17311.554    191 35005.107    35174.103    35853.023
444  DCMut+I+G4    17443.790    167 35221.581    35344.096    35962.952
447  DCMut+R4      17432.742    171 35207.484    35337.052    35966.613
456  DCMut+I+R4    17432.651    172 35209.302    35340.675    35972.870
466  DCMut+F+I+G4  17369.925    186 35111.849    35270.309    35937.568
469  DCMut+F+R4    17358.482    190 35096.963    35263.814    35940.440
478  DCMut+F+I+R4  17358.388    191 35098.776    35267.771    35946.692
488  VT+I+G4       17264.712    167 34863.425    34985.940    35604.796
491  VT+R4         17257.824    171 34857.648    34987.216    35616.777
500  VT+I+R4       17255.009    172 34854.017    34985.390    35617.585
510  VT+F+I+G4     17270.389    186 34912.777    35071.237    35738.496
513  VT+F+R4       17263.331    190 34906.662    35073.513    35750.139
522  VT+F+I+R4     17260.744    191 34903.487    35072.483    35751.403
532  PMB+I+G4      17349.080    167 35032.160    35154.676    35773.532
535  PMB+R4        17345.136    171 35032.273    35161.841    35791.401
544  PMB+I+R4      17343.676    172 35031.352    35162.725    35794.920
554  PMB+F+I+G4    17292.178    186 34956.356    35114.816    35782.075
557  PMB+F+R4      17286.836    190 34953.671    35120.522    35797.148
566  PMB+F+I+R4    17285.554    191 34953.108    35122.103    35801.024
576  Blosum62+I+G4 17341.171    167 35016.342    35138.857    35757.714
579  Blosum62+R4   17335.496    171 35012.992    35142.560    35772.121
588  Blosum62+I+R4 17333.604    172 35011.207    35142.580    35774.775
598  Blosum62+F+I+G4 17304.658    186 34981.316    35139.776    35807.035
601  Blosum62+F+R4 17298.333    190 34976.666    35143.516    35820.142
610  Blosum62+F+I+R4 17296.651    191 34975.302    35144.298    35823.218
620  Dayhoff+I+G4  17444.648    167 35223.297    35345.812    35964.668
623  Dayhoff+R4    17433.517    171 35209.034    35338.602    35968.163
632  Dayhoff+I+R4  17433.418    172 35210.836    35342.209    35974.404
642  Dayhoff+F+I+G4 17370.858    186 35113.716    35272.176    35939.435
645  Dayhoff+F+R4  17359.323    190 35098.646    35265.496    35942.122
654  Dayhoff+F+I+R4 17359.251    191 35100.502    35269.497    35948.418
664  mtREV+I+G4    18387.946    167 37109.893    37232.408    37851.264
667  mtREV+R4      18388.364    171 37118.728    37248.296    37877.857
676  mtREV+I+R4    18382.043    172 37108.086    37239.460    37871.655
686  mtREV+F+I+G4  17568.218    186 35508.436    35666.897    36334.156
689  mtREV+F+R4    17563.602    190 35507.205    35674.055    36350.681
698  mtREV+F+I+R4  17558.646    191 35499.292    35668.287    36347.208
708  mtART+I+G4    18886.570    167 38107.140    38229.655    38848.511
711  mtART+R4      18874.137    171 38090.274    38219.842    38849.402
720  mtART+I+R4    18863.190    172 38070.379    38201.752    38833.947
730  mtART+F+I+G4  17986.741    186 36345.482    36503.942    37171.201
733  mtART+F+R4    17969.495    190 36318.990    36485.841    37162.467
742  mtART+F+I+R4  17968.111    191 36318.222    36487.218    37166.138
752  mtZOA+I+G4    18460.455    167 37254.911    37377.426    37996.282
755  mtZOA+R4      18438.588    171 37219.176    37348.744    37978.305
764  mtZOA+I+R4    18437.820    172 37219.639    37351.012    37983.207
774  mtZOA+F+I+G4  17734.865    186 35841.729    36000.189    36667.448
777  mtZOA+F+R4    17718.169    190 35816.338    35983.188    36659.814
786  mtZOA+F+I+R4  17716.484    191 35814.968    35983.964    36662.884
796  mtMet+I+G4    18377.266    167 37088.533    37211.048    37829.904
799  mtMet+R4      18360.838    171 37063.676    37193.244    37822.805
808  mtMet+I+R4    18358.996    172 37061.993    37193.366    37825.561
818  mtMet+F+I+G4  17637.055    186 35646.109    35804.570    36471.829
821  mtMet+F+R4    17622.090    190 35624.181    35791.031    36467.657
830  mtMet+F+I+R4  17619.843    191 35621.685    35790.681    36469.601
840  mtVer+I+G4    18549.203    167 37432.407    37554.922    38173.778
843  mtVer+R4      18535.250    171 37412.500    37542.068    38171.629
852  mtVer+I+R4    18532.772    172 37409.544    37540.917    38173.113
862  mtVer+F+I+G4  17822.617    186 36017.233    36175.693    36842.952
865  mtVer+F+R4    17805.139    190 35990.279    36157.129    36833.755
874  mtVer+F+I+R4  17802.356    191 35986.713    36155.708    36834.629
884  mtInv+I+G4    18480.112    167 37294.224    37416.739    38035.595
887  mtInv+R4      18463.122    171 37268.245    37397.813    38027.374
896  mtInv+I+R4    18461.256    172 37266.512    37397.885    38030.080
906  mtInv+F+I+G4  17555.210    186 35482.420    35640.880    36308.139
909  mtInv+F+R4    17541.501    190 35463.002    35629.853    36306.479
918  mtInv+F+I+R4  17539.421    191 35460.841    35629.837    36308.757
928  mtMAM+I+G4    18816.966    167 37967.933    38090.448    38709.304
931  mtMAM+R4      18805.831    171 37953.662    38083.230    38712.791
940  mtMAM+I+R4    18805.307    172 37954.613    38085.986    38718.182
950  mtMAM+F+I+G4  17949.850    186 36271.700    36430.160    37097.419
953  mtMAM+F+R4    17937.475    190 36254.950    36421.800    37098.426
962  mtMAM+F+I+R4  17936.048    191 36254.096    36423.091    37102.012
WARNING: Normalizing state frequencies so that sum of them equals to 1
972  FLAVI+I+G4    17878.772    167 36091.545    36214.060    36832.916
WARNING: Normalizing state frequencies so that sum of them equals to 1
975  FLAVI+R4      17863.856    171 36069.711    36199.279    36828.840
WARNING: Normalizing state frequencies so that sum of them equals to 1
984  FLAVI+I+R4    17862.463    172 36068.925    36200.298    36832.494
WARNING: Normalizing state frequencies so that sum of them equals to 1
994  FLAVI+F+I+G4  17750.409    186 35872.818    36031.278    36698.537
WARNING: Normalizing state frequencies so that sum of them equals to 1
997  FLAVI+F+R4    17733.491    190 35846.981    36013.832    36690.458
WARNING: Normalizing state frequencies so that sum of them equals to 1
1006  FLAVI+F+I+R4  17731.727    191 35845.453    36014.449    36693.369
1016  HIVb+I+G4     17574.335    167 35482.671    35605.186    36224.042
1019  HIVb+R4       17564.252    171 35470.503    35600.072    36229.632
1028  HIVb+I+R4     17561.877    172 35467.753    35599.126    36231.321
1038  HIVb+F+I+G4   17535.629    186 35443.258    35601.718    36268.977
1041  HIVb+F+R4     17522.521    190 35425.042    35591.892    36268.518
1050  HIVb+F+I+R4   17519.688    191 35421.375    35590.370    36269.291
1060  HIVw+I+G4     17932.170    167 36198.340    36320.855    36939.712
1063  HIVw+R4       17914.169    171 36170.337    36299.905    36929.466
1072  HIVw+I+R4     17914.890    172 36173.781    36305.154    36937.349
1082  HIVw+F+I+G4   17695.483    186 35762.965    35921.425    36588.684
1085  HIVw+F+R4     17675.950    190 35731.900    35898.750    36575.376
1094  HIVw+F+I+R4   17676.477    191 35734.955    35903.950    36582.871
1104  FLU+I+G4      17411.913    167 35157.826    35280.341    35899.198
1107  FLU+R4        17399.262    171 35140.525    35270.093    35899.653
1116  FLU+I+R4      17399.333    172 35142.667    35274.040    35906.235
1126  FLU+F+I+G4    17318.284    186 35008.568    35167.028    35834.287
1129  FLU+F+R4      17306.189    190 34992.379    35159.229    35835.855
1138  FLU+F+I+R4    17306.475    191 34994.950    35163.946    35842.866
1148  rtREV+I+G4    17514.642    167 35363.285    35485.800    36104.656
1151  rtREV+R4      17503.268    171 35348.536    35478.104    36107.665
1160  rtREV+I+R4    17499.482    172 35342.963    35474.336    36106.532
1170  rtREV+F+I+G4  17482.597    186 35337.193    35495.653    36162.912
1173  rtREV+F+R4    17469.881    190 35319.763    35486.613    36163.239
1182  rtREV+F+I+R4  17465.981    191 35313.961    35482.956    36161.877
1192  cpREV+I+G4    17395.572    167 35125.143    35247.659    35866.515
1195  cpREV+R4      17387.035    171 35116.070    35245.638    35875.199
1204  cpREV+I+R4    17384.110    172 35112.220    35243.593    35875.788
1214  cpREV+F+I+G4  17376.880    186 35125.760    35284.220    35951.479
1217  cpREV+F+R4    17368.509    190 35117.019    35283.869    35960.495
1226  cpREV+F+I+R4  17365.309    191 35112.618    35281.614    35960.534
Akaike Information Criterion:           WAG+I+R4
Corrected Akaike Information Criterion: WAG+I+G4
Bayesian Information Criterion:         WAG+I+G4
Best-fit model: WAG+I+G4 chosen according to BIC

All model information printed to results/embed_phylo/toxfam_v2_iqtree.model.gz
CPU time for ModelFinder: 668.101 seconds (0h:11m:8s)
Wall-clock time for ModelFinder: 445.117 seconds (0h:7m:25s)
Generating 1000 samples for ultrafast bootstrap (seed: 42)...

NOTE: 34 MB RAM (0 GB) is required!
Estimate model parameters (epsilon = 0.100)
Thoroughly optimizing +I+G parameters from 10 start values...
Init pinv, alpha: 0.000, 3.085 / Estimate: 0.006, 4.199 / LogL: -17213.991
Init pinv, alpha: 0.018, 3.085 / Estimate: 0.009, 4.259 / LogL: -17213.984
Init pinv, alpha: 0.035, 3.085 / Estimate: 0.009, 4.270 / LogL: -17213.995
Init pinv, alpha: 0.053, 3.085 / Estimate: 0.009, 4.266 / LogL: -17213.977
Init pinv, alpha: 0.070, 3.085 / Estimate: 0.009, 4.271 / LogL: -17213.988
Init pinv, alpha: 0.088, 3.085 / Estimate: 0.009, 4.274 / LogL: -17213.998
Init pinv, alpha: 0.105, 3.085 / Estimate: 0.010, 4.279 / LogL: -17214.002
Init pinv, alpha: 0.123, 3.085 / Estimate: 0.010, 4.281 / LogL: -17214.009
Init pinv, alpha: 0.141, 3.085 / Estimate: 0.009, 4.267 / LogL: -17213.971
Init pinv, alpha: 0.158, 3.085 / Estimate: 0.009, 4.268 / LogL: -17213.974
Optimal pinv,alpha: 0.009, 4.267 / LogL: -17213.971

Parameters optimization took 16.088 sec
Wrote distance file to... 
Computing ML distances based on estimated model parameters...
Calculating distance matrix: done in 0.581439 secs using 194.6% CPU
Computing ML distances took 0.581796 sec (of wall-clock time) 1.131759 sec (of CPU time)
WARNING: Some pairwise ML distances are too long (saturated)
Setting up auxiliary I and S matrices: done in 0.000141144 secs using 143.8% CPU
Computing RapidNJ tree took 0.004493 sec (of wall-clock time) 0.002796 sec (of CPU time)
Log-likelihood of RapidNJ tree: -17355.597
--------------------------------------------------------------------
|             INITIALIZING CANDIDATE TREE SET                      |
--------------------------------------------------------------------
Generating 98 parsimony trees... 1.352 second
Computing log-likelihood of 98 initial trees ... 8.988 seconds
Current best score: -17213.971

Do NNI search on 20 best initial trees
Estimate model parameters (epsilon = 0.100)
BETTER TREE FOUND at iteration 1: -17212.783
Estimate model parameters (epsilon = 0.100)
BETTER TREE FOUND at iteration 2: -17204.958
Iteration 10 / LogL: -17212.551 / Time: 0h:8m:34s
Estimate model parameters (epsilon = 0.100)
BETTER TREE FOUND at iteration 12: -17203.046
Iteration 20 / LogL: -17215.623 / Time: 0h:9m:18s
Finish initializing candidate tree set (20)
Current best tree score: -17203.046 / CPU time: 95.823
Number of iterations: 20
--------------------------------------------------------------------
|               OPTIMIZING CANDIDATE TREE SET                      |
--------------------------------------------------------------------
Estimate model parameters (epsilon = 0.100)
BETTER TREE FOUND at iteration 26: -17200.355
Iteration 30 / LogL: -17200.584 / Time: 0h:9m:50s (0h:8m:2s left)
Estimate model parameters (epsilon = 0.100)
BETTER TREE FOUND at iteration 32: -17198.143
Estimate model parameters (epsilon = 0.100)
BETTER TREE FOUND at iteration 36: -17196.489
Iteration 40 / LogL: -17199.512 / Time: 0h:10m:22s (0h:7m:15s left)
Estimate model parameters (epsilon = 0.100)
BETTER TREE FOUND at iteration 48: -17195.437
Iteration 50 / LogL: -17197.110 / Time: 0h:10m:45s (0h:6m:40s left)
Log-likelihood cutoff on original alignment: -17242.536
Estimate model parameters (epsilon = 0.100)
BETTER TREE FOUND at iteration 52: -17194.653
Estimate model parameters (epsilon = 0.100)
BETTER TREE FOUND at iteration 58: -17193.609
Iteration 60 / LogL: -17214.909 / Time: 0h:11m:17s (0h:6m:26s left)
Estimate model parameters (epsilon = 0.100)
BETTER TREE FOUND at iteration 61: -17193.439
Estimate model parameters (epsilon = 0.100)
BETTER TREE FOUND at iteration 65: -17192.921
Iteration 70 / LogL: -17193.423 / Time: 0h:11m:49s (0h:6m:3s left)
Estimate model parameters (epsilon = 0.100)
BETTER TREE FOUND at iteration 80: -17192.612
Iteration 80 / LogL: -17192.612 / Time: 0h:12m:22s (0h:6m:16s left)
Iteration 90 / LogL: -17192.673 / Time: 0h:12m:50s (0h:5m:29s left)
Iteration 100 / LogL: -17194.517 / Time: 0h:13m:28s (0h:4m:53s left)
Log-likelihood cutoff on original alignment: -17242.536
NOTE: Bootstrap correlation coefficient of split occurrence frequencies: 0.970
NOTE: UFBoot does not converge, continue at least 100 more iterations
Estimate model parameters (epsilon = 0.100)
BETTER TREE FOUND at iteration 104: -17192.551
Iteration 110 / LogL: -17193.084 / Time: 0h:14m:5s (0h:5m:45s left)
Iteration 120 / LogL: -17196.177 / Time: 0h:14m:39s (0h:5m:6s left)
Estimate model parameters (epsilon = 0.100)
BETTER TREE FOUND at iteration 123: -17192.529
Iteration 130 / LogL: -17196.238 / Time: 0h:15m:12s (0h:5m:36s left)
Iteration 140 / LogL: -17195.431 / Time: 0h:15m:46s (0h:4m:59s left)
Iteration 150 / LogL: -17192.675 / Time: 0h:16m:19s (0h:4m:21s left)
Log-likelihood cutoff on original alignment: -17242.536
Iteration 160 / LogL: -17193.490 / Time: 0h:16m:50s (0h:3m:43s left)
Iteration 170 / LogL: -17192.683 / Time: 0h:17m:23s (0h:3m:7s left)
Iteration 180 / LogL: -17193.402 / Time: 0h:17m:55s (0h:2m:31s left)
Iteration 190 / LogL: -17193.594 / Time: 0h:18m:29s (0h:1m:55s left)
Estimate model parameters (epsilon = 0.100)
BETTER TREE FOUND at iteration 196: -17190.627
Iteration 200 / LogL: -17196.094 / Time: 0h:19m:5s (0h:5m:37s left)
Log-likelihood cutoff on original alignment: -17242.536
NOTE: Bootstrap correlation coefficient of split occurrence frequencies: 0.994
Iteration 210 / LogL: -17195.764 / Time: 0h:19m:37s (0h:5m:15s left)
BETTER TREE FOUND at iteration 218: -17190.621
Iteration 220 / LogL: -17193.586 / Time: 0h:20m:10s (0h:5m:42s left)
Iteration 230 / LogL: -17205.263 / Time: 0h:20m:43s (0h:5m:6s left)
Iteration 240 / LogL: -17191.588 / Time: 0h:21m:20s (0h:4m:32s left)
Iteration 250 / LogL: -17191.290 / Time: 0h:21m:54s (0h:3m:57s left)
Log-likelihood cutoff on original alignment: -17242.536
Iteration 260 / LogL: -17192.610 / Time: 0h:22m:25s (0h:3m:21s left)
BETTER TREE FOUND at iteration 266: -17190.611
Iteration 270 / LogL: -17199.162 / Time: 0h:22m:55s (0h:5m:31s left)
Iteration 280 / LogL: -17201.435 / Time: 0h:23m:29s (0h:4m:57s left)
Estimate model parameters (epsilon = 0.100)
UPDATE BEST LOG-LIKELIHOOD: -17190.600
Iteration 290 / LogL: -17191.992 / Time: 0h:24m:1s (0h:4m:22s left)
Estimate model parameters (epsilon = 0.100)
BETTER TREE FOUND at iteration 297: -17190.380
Iteration 300 / LogL: -17192.588 / Time: 0h:24m:34s (0h:5m:34s left)
Log-likelihood cutoff on original alignment: -17242.536
NOTE: Bootstrap correlation coefficient of split occurrence frequencies: 0.989
NOTE: UFBoot does not converge, continue at least 100 more iterations
Iteration 310 / LogL: -17190.772 / Time: 0h:25m:15s (0h:5m:11s left)
Iteration 320 / LogL: -17192.423 / Time: 0h:25m:49s (0h:4m:36s left)
Iteration 330 / LogL: -17194.754 / Time: 0h:26m:23s (0h:4m:2s left)
Iteration 340 / LogL: -17190.693 / Time: 0h:26m:58s (0h:3m:27s left)
Iteration 350 / LogL: -17196.187 / Time: 0h:27m:29s (0h:2m:52s left)
Log-likelihood cutoff on original alignment: -17242.536
Iteration 360 / LogL: -17193.156 / Time: 0h:28m:0s (0h:2m:17s left)
Iteration 370 / LogL: -17190.678 / Time: 0h:28m:31s (0h:1m:42s left)
Estimate model parameters (epsilon = 0.100)
BETTER TREE FOUND at iteration 375: -17190.350
Iteration 380 / LogL: -17191.524 / Time: 0h:29m:3s (0h:5m:25s left)
Iteration 390 / LogL: -17195.713 / Time: 0h:29m:32s (0h:4m:50s left)
Iteration 400 / LogL: -17196.622 / Time: 0h:30m:4s (0h:4m:15s left)
Log-likelihood cutoff on original alignment: -17242.536
NOTE: Bootstrap correlation coefficient of split occurrence frequencies: 0.985
NOTE: UFBoot does not converge, continue at least 100 more iterations
Iteration 410 / LogL: -17192.573 / Time: 0h:30m:29s (0h:5m:4s left)
Iteration 420 / LogL: -17197.122 / Time: 0h:30m:58s (0h:4m:29s left)
Iteration 430 / LogL: -17207.306 / Time: 0h:31m:29s (0h:3m:55s left)
Iteration 440 / LogL: -17193.510 / Time: 0h:31m:57s (0h:3m:21s left)
Iteration 450 / LogL: -17206.783 / Time: 0h:32m:25s (0h:2m:47s left)
Log-likelihood cutoff on original alignment: -17242.536
Iteration 460 / LogL: -17192.958 / Time: 0h:32m:52s (0h:2m:13s left)
Iteration 470 / LogL: -17190.540 / Time: 0h:33m:16s (0h:1m:39s left)
Iteration 480 / LogL: -17196.334 / Time: 0h:33m:43s (0h:1m:5s left)
Iteration 490 / LogL: -17191.002 / Time: 0h:34m:9s (0h:0m:32s left)
Iteration 500 / LogL: -17190.713 / Time: 0h:34m:33s (0h:0m:0s left)
Log-likelihood cutoff on original alignment: -17242.536
NOTE: Bootstrap correlation coefficient of split occurrence frequencies: 0.994
TREE SEARCH COMPLETED AFTER 500 ITERATIONS / Time: 0h:34m:34s

--------------------------------------------------------------------
|                    FINALIZING TREE SEARCH                        |
--------------------------------------------------------------------
Performs final model parameters optimization
Estimate model parameters (epsilon = 0.010)
1. Initial log-likelihood: -17190.350
Optimal log-likelihood: -17190.350
Proportion of invariable sites: 0.007
Gamma shape alpha: 4.412
Parameters optimization took 1 rounds (0.175 sec)
BEST SCORE FOUND : -17190.350
Creating bootstrap support values...
Split supports printed to NEXUS file results/embed_phylo/toxfam_v2_iqtree.splits.nex
Total tree length: 54.295

Total number of iterations: 500
CPU time used for tree search: 2109.035 sec (0h:35m:9s)
Wall-clock time used for tree search: 1611.140 sec (0h:26m:51s)
Total CPU time used: 2803.736 sec (0h:46m:43s)
Total wall-clock time used: 2074.373 sec (0h:34m:34s)

Computing bootstrap consensus tree...
Reading input file results/embed_phylo/toxfam_v2_iqtree.splits.nex...
84 taxa and 1365 splits.
Consensus tree written to results/embed_phylo/toxfam_v2_iqtree.contree
Reading input trees file results/embed_phylo/toxfam_v2_iqtree.contree
Log-likelihood of consensus tree: -17190.617

Analysis results written to: 
  IQ-TREE report:                results/embed_phylo/toxfam_v2_iqtree.iqtree
  Maximum-likelihood tree:       results/embed_phylo/toxfam_v2_iqtree.treefile
  Likelihood distances:          results/embed_phylo/toxfam_v2_iqtree.mldist

Ultrafast bootstrap approximation results written to:
  Split support values:          results/embed_phylo/toxfam_v2_iqtree.splits.nex
  Consensus tree:                results/embed_phylo/toxfam_v2_iqtree.contree
  Screen log file:               results/embed_phylo/toxfam_v2_iqtree.log

Date and Time: Wed Mar 18 16:05:09 2026
